[19:30:50] [main/WARN] (FabricLoader/Knot) Class path entry /minecraftBot/bin/default doesn't exist!
[19:30:50] [main/INFO] (FabricLoader/GameProvider) Loading Minecraft 1.18.1 with Fabric Loader 0.12.12
[19:30:51] [main/INFO] (FabricLoader) Loading 51 mods:
	- fabric 0.44.0+1.18
	- fabric-api-base 0.4.1+b4f4f6cdc8
	- fabric-api-lookup-api-v1 1.4.0+16d92c47c8
	- fabric-biome-api-v1 6.0.1+ded849a9c8
	- fabric-blockrenderlayer-v1 1.1.9+3ac43d95c8
	- fabric-command-api-v1 1.1.6+3ac43d95c8
	- fabric-commands-v0 0.2.5+b4f4f6cdc8
	- fabric-containers-v0 0.1.18+d154e2c6c8
	- fabric-content-registries-v0 0.4.5+6f53a73dc8
	- fabric-crash-report-info-v1 0.1.8+3ac43d95c8
	- fabric-data-generation-api-v1 1.0.0+3fec4ad9c8
	- fabric-dimensions-v1 2.1.7+43d29571c8
	- fabric-entity-events-v1 1.4.5+6b21378ac8
	- fabric-events-interaction-v0 0.4.16+bfa23f17c8
	- fabric-events-lifecycle-v0 0.2.6+b4f4f6cdc8
	- fabric-game-rule-api-v1 1.0.10+3ac43d95c8
	- fabric-gametest-api-v1 1.0.5+03d159cfc8
	- fabric-item-api-v1 1.3.0+691a79b5c8
	- fabric-item-groups-v0 0.3.3+3ac43d95c8
	- fabric-key-binding-api-v1 1.0.8+c8aba2f3c8
	- fabric-keybindings-v0 0.2.6+b4f4f6cdc8
	- fabric-lifecycle-events-v1 1.4.10+c15ca335c8
	- fabric-loot-tables-v1 1.0.8+3ac43d95c8
	- fabric-mining-level-api-v1 1.0.3+3ac43d95c8
	- fabric-mining-levels-v0 0.1.7+b4f4f6cdc8
	- fabric-models-v0 0.3.3+3ac43d95c8
	- fabric-networking-api-v1 1.0.18+3ac43d95c8
	- fabric-networking-v0 0.3.5+b4f4f6cdc8
	- fabric-object-builder-api-v1 1.11.0+3b82842ec8
	- fabric-object-builders-v0 0.7.8+3ac43d95c8
	- fabric-particles-v1 0.2.9+526dc1acc8
	- fabric-registry-sync-v0 0.8.5+3ac43d95c8
	- fabric-renderer-api-v1 0.4.9+3ac43d95c8
	- fabric-renderer-indigo 0.4.12+3ac43d95c8
	- fabric-renderer-registries-v1 3.2.7+b4f4f6cdc8
	- fabric-rendering-data-attachment-v1 0.3.4+7242e9d7c8
	- fabric-rendering-fluids-v1 0.1.18+3ac43d95c8
	- fabric-rendering-v0 1.1.9+b4f4f6cdc8
	- fabric-rendering-v1 1.10.3+6b21378ac8
	- fabric-resource-loader-v0 0.4.11+3ac43d95c8
	- fabric-screen-api-v1 1.0.7+3ac43d95c8
	- fabric-screen-handler-api-v1 1.1.11+3ac43d95c8
	- fabric-structure-api-v1 2.0.8+295197a7c8
	- fabric-tag-extensions-v0 1.2.5+3ac43d95c8
	- fabric-textures-v0 1.0.9+3ac43d95c8
	- fabric-tool-attribute-api-v1 1.3.4+7de09f55c8
	- fabric-transfer-api-v1 1.5.5+b4f4f6cdc8
	- fabricloader 0.12.12
	- java 17
	- mattsminecraftbot ${version}
	- minecraft 1.18.1
[19:30:51] [main/WARN] (FabricLoader/Metadata) Mod `mattsminecraftbot` (${version}) does not respect SemVer - comparison support is limited.
[19:30:51] [main/INFO] (FabricLoader/Mixin) SpongePowered MIXIN Subsystem Version=0.8.4 Source=file:/home/parrot/.gradle/caches/modules-2/files-2.1/net.fabricmc/sponge-mixin/0.10.7+mixin.0.8.4/7a4ca9d54d9ae564dea0363d668036a8420ed9b8/sponge-mixin-0.10.7+mixin.0.8.4.jar Service=Knot/Fabric Env=CLIENT
[19:30:51] [main/INFO] (FabricLoader/Mixin) Loaded Fabric development mappings for mixin remapper!
[19:30:51] [main/INFO] (FabricLoader/Mixin) Compatibility level set to JAVA_16
[19:30:54] [main/WARN] (FabricLoader/Mixin) @Inject(@At("INVOKE")) Shift.BY=3 on fabric-lifecycle-events-v1.mixins.json:client.WorldChunkMixin::handler$zid000$onLoadBlockEntity exceeds the maximum allowed value: 0. Increase the value of maxShiftBy to suppress this warning.
[19:30:56] [Render thread/INFO] (Minecraft) Environment: authHost='https://authserver.mojang.com', accountsHost='https://api.mojang.com', sessionHost='https://sessionserver.mojang.com', servicesHost='https://api.minecraftservices.com', name='PROD'
[19:30:57] [Render thread/ERROR] (Minecraft) Failed to verify authentication
com.mojang.authlib.exceptions.InvalidCredentialsException: Status: 401
	at com.mojang.authlib.exceptions.MinecraftClientHttpException.toAuthenticationException(MinecraftClientHttpException.java:56) ~[authlib-3.2.38.jar:?]
	at com.mojang.authlib.yggdrasil.YggdrasilUserApiService.fetchProperties(YggdrasilUserApiService.java:132) ~[authlib-3.2.38.jar:?]
	at com.mojang.authlib.yggdrasil.YggdrasilUserApiService.<init>(YggdrasilUserApiService.java:44) ~[authlib-3.2.38.jar:?]
	at com.mojang.authlib.yggdrasil.YggdrasilAuthenticationService.createUserApiService(YggdrasilAuthenticationService.java:153) ~[authlib-3.2.38.jar:?]
	at net.minecraft.client.MinecraftClient.createUserApiService(MinecraftClient.java:667) [minecraft-project-@-mapped.jar:?]
	at net.minecraft.client.MinecraftClient.<init>(MinecraftClient.java:499) [minecraft-project-@-mapped.jar:?]
	at net.minecraft.client.main.Main.main(Main.java:178) [minecraft-project-@-mapped.jar:?]
	at jdk.internal.reflect.NativeMethodAccessorImpl.invoke0(Native Method) ~[?:?]
	at jdk.internal.reflect.NativeMethodAccessorImpl.invoke(NativeMethodAccessorImpl.java:77) ~[?:?]
	at jdk.internal.reflect.DelegatingMethodAccessorImpl.invoke(DelegatingMethodAccessorImpl.java:43) ~[?:?]
	at java.lang.reflect.Method.invoke(Method.java:568) ~[?:?]
	at net.fabricmc.loader.impl.game.minecraft.MinecraftGameProvider.launch(MinecraftGameProvider.java:608) [fabric-loader-0.12.12.jar:?]
	at net.fabricmc.loader.impl.launch.knot.Knot.launch(Knot.java:77) [fabric-loader-0.12.12.jar:?]
	at net.fabricmc.loader.impl.launch.knot.KnotClient.main(KnotClient.java:23) [fabric-loader-0.12.12.jar:?]
	at net.fabricmc.devlaunchinjector.Main.main(Main.java:86) [dev-launch-injector-0.2.1+build.8.jar:?]
Caused by: com.mojang.authlib.exceptions.MinecraftClientHttpException: Status: 401
	at com.mojang.authlib.minecraft.client.MinecraftClient.readInputStream(MinecraftClient.java:78) ~[authlib-3.2.38.jar:?]
	at com.mojang.authlib.minecraft.client.MinecraftClient.get(MinecraftClient.java:48) ~[authlib-3.2.38.jar:?]
	at com.mojang.authlib.yggdrasil.YggdrasilUserApiService.fetchProperties(YggdrasilUserApiService.java:113) ~[authlib-3.2.38.jar:?]
	... 13 more
[19:30:57] [Render thread/INFO] (Minecraft) Setting user: Player33
[19:30:57] [Render thread/INFO] (mattsminecraftbot) Starting Minecraft Bot Mod
[19:30:57] [Render thread/INFO] (mattsminecraftbot) Client Init for Bot
[19:30:57] [Render thread/INFO] (Indigo) [Indigo] Registering Indigo renderer!
[19:30:58] [Render thread/INFO] (Minecraft) Backend library: LWJGL version 3.2.2 build 10
[19:31:00] [Render thread/WARN] (Minecraft) ERROR : Couldn't load Narrator library : Unable to load library 'fliteWrapper':
libflite.so.1: cannot open shared object file: No such file or directory
libflite.so.1: cannot open shared object file: No such file or directory
Native library (linux-x86-64/libfliteWrapper.so) not found in resource path (/home/parrot/projects/minecraftBot/git/MinecraftBot/our_client/workingBot/bin/main:/minecraftBot/bin/default:/home/parrot/.gradle/caches/modules-2/files-2.1/org.jetbrains/annotations/22.0.0/fb9bebc90794c7602e73d6ed0cb165a0c650be62/annotations-22.0.0.jar:/home/parrot/.gradle/caches/modules-2/files-2.1/net.fabricmc/tiny-mappings-parser/0.3.0+build.17/2f10540a290e382a7cd35c16ec3900046a4e252/tiny-mappings-parser-0.3.0+build.17.jar:/home/parrot/.gradle/caches/modules-2/files-2.1/net.fabricmc/sponge-mixin/0.10.7+mixin.0.8.4/7a4ca9d54d9ae564dea0363d668036a8420ed9b8/sponge-mixin-0.10.7+mixin.0.8.4.jar:/home/parrot/.gradle/caches/modules-2/files-2.1/net.fabricmc/tiny-remapper/0.6.0/f933e87da52f2e36f73ddfe5401f1029937d4118/tiny-remapper-0.6.0.jar:/home/parrot/.gradle/caches/modules-2/files-2.1/net.fabricmc/access-widener/2.0.1/ef3d217a193b22d6dde944ccd4af525a89096b2f/access-widener-2.0.1.jar:/home/parrot/.gradle/caches/modules-2/files-2.1/org.ow2.asm/asm/9.2/81a03f76019c67362299c40e0ba13405f5467bff/asm-9.2.jar:/home/parrot/.gradle/caches/modules-2/files-2.1/org.ow2.asm/asm-analysis/9.2/7487dd756daf96cab9986e44b9d7bcb796a61c10/asm-analysis-9.2.jar:/home/parrot/.gradle/caches/modules-2/files-2.1/org.ow2.asm/asm-commons/9.2/f4d7f0fc9054386f2893b602454d48e07d4fbead/asm-commons-9.2.jar:/home/parrot/.gradle/caches/modules-2/files-2.1/org.ow2.asm/asm-tree/9.2/d96c99a30f5e1a19b0e609dbb19a44d8518ac01e/asm-tree-9.2.jar:/home/parrot/.gradle/caches/modules-2/files-2.1/org.ow2.asm/asm-util/9.2/fbc178fc5ba3dab50fd7e8a5317b8b647c8e8946/asm-util-9.2.jar:/home/parrot/.gradle/caches/modules-2/files-2.1/net.fabricmc/yarn/1.18.1+build.1/c13ce58b3e8e8ae005eddfbe40f01b9d5cdbcc5e/yarn-1.18.1+build.1-constants.jar:/home/parrot/.gradle/caches/modules-2/files-2.1/com.mojang/blocklist/1.0.6/7039c2c6209064ee4132cea7a0737b63b92c725e/blocklist-1.0.6.jar:/home/parrot/.gradle/caches/modules-2/files-2.1/com.mojang/patchy/2.1.6/ce112c16c6275fdfff2d30208533ec906a191f71/patchy-2.1.6.jar:/home/parrot/.gradle/caches/modules-2/files-2.1/com.github.oshi/oshi-core/5.8.2/3a4c610d5991654009653e55b3204065441e2f0d/oshi-core-5.8.2.jar:/home/parrot/.gradle/caches/modules-2/files-2.1/net.java.dev.jna/jna/5.9.0/8f503e6d9b500ceff299052d6be75b38c7257758/jna-5.9.0.jar:/home/parrot/.gradle/caches/modules-2/files-2.1/net.java.dev.jna/jna-platform/5.9.0/c535a5bda553d7d7690356c825010da74b2671b5/jna-platform-5.9.0.jar:/home/parrot/.gradle/caches/modules-2/files-2.1/org.slf4j/slf4j-api/1.8.0-beta4/83b0359d847ee053d745be7ec0d8e9e8a44304b4/slf4j-api-1.8.0-beta4.jar:/home/parrot/.gradle/caches/modules-2/files-2.1/org.apache.logging.log4j/log4j-slf4j18-impl/2.14.1/312b4d91b21160b9fab43600fa787f31e8cab930/log4j-slf4j18-impl-2.14.1.jar:/home/parrot/.gradle/caches/modules-2/files-2.1/com.ibm.icu/icu4j/69.1/ff666ac55986650893aacb9e2e0003538e9799c0/icu4j-69.1.jar:/home/parrot/.gradle/caches/modules-2/files-2.1/com.mojang/javabridge/1.2.24/c876796229b2ef5120f186eab5acc870699d3b9/javabridge-1.2.24.jar:/home/parrot/.gradle/caches/modules-2/files-2.1/net.sf.jopt-simple/jopt-simple/5.0.4/4fdac2fbe92dfad86aa6e9301736f6b4342a3f5c/jopt-simple-5.0.4.jar:/home/parrot/.gradle/caches/modules-2/files-2.1/io.netty/netty-all/4.1.68.Final/b8266a3c93c1c051109f71d3449e5dcd5d60b333/netty-all-4.1.68.Final.jar:/home/parrot/.gradle/caches/modules-2/files-2.1/com.google.guava/failureaccess/1.0.1/1dcf1de382a0bf95a3d8b0849546c88bac1292c9/failureaccess-1.0.1.jar:/home/parrot/.gradle/caches/modules-2/files-2.1/com.google.guava/guava/31.0.1-jre/119ea2b2bc205b138974d351777b20f02b92704b/guava-31.0.1-jre.jar:/home/parrot/.gradle/caches/modules-2/files-2.1/org.apache.commons/commons-lang3/3.12.0/c6842c86792ff03b9f1d1fe2aab8dc23aa6c6f0e/commons-lang3-3.12.0.jar:/home/parrot/.gradle/caches/modules-2/files-2.1/commons-io/commons-io/2.11.0/a2503f302b11ebde7ebc3df41daebe0e4eea3689/commons-io-2.11.0.jar:/home/parrot/.gradle/caches/modules-2/files-2.1/commons-codec/commons-codec/1.15/49d94806b6e3dc933dacbd8acb0fdbab8ebd1e5d/commons-codec-1.15.jar:/home/parrot/.gradle/caches/modules-2/files-2.1/com.mojang/brigadier/1.0.18/c1ef1234282716483c92183f49bef47b1a89bfa9/brigadier-1.0.18.jar:/home/parrot/.gradle/caches/modules-2/files-2.1/com.mojang/datafixerupper/4.0.26/ebd6690f33871ccee9b6132c6480668ee2e35020/datafixerupper-4.0.26.jar:/home/parrot/.gradle/caches/modules-2/files-2.1/com.google.code.gson/gson/2.8.8/431fc3cbc0ff81abdbfde070062741089c3ba874/gson-2.8.8.jar:/home/parrot/.gradle/caches/modules-2/files-2.1/com.mojang/authlib/3.2.38/7bba19e34be22fded9ceb409ca1e8fb7525daf55/authlib-3.2.38.jar:/home/parrot/.gradle/caches/modules-2/files-2.1/org.apache.commons/commons-compress/1.21/4ec95b60d4e86b5c95a0e919cb172a0af98011ef/commons-compress-1.21.jar:/home/parrot/.gradle/caches/modules-2/files-2.1/org.apache.httpcomponents/httpclient/4.5.13/e5f6cae5ca7ecaac1ec2827a9e2d65ae2869cada/httpclient-4.5.13.jar:/home/parrot/.gradle/caches/modules-2/files-2.1/commons-logging/commons-logging/1.2/4bfc12adfe4842bf07b657f0369c4cb522955686/commons-logging-1.2.jar:/home/parrot/.gradle/caches/modules-2/files-2.1/org.apache.httpcomponents/httpcore/4.4.14/9dd1a631c082d92ecd4bd8fd4cf55026c720a8c1/httpcore-4.4.14.jar:/home/parrot/.gradle/caches/modules-2/files-2.1/it.unimi.dsi/fastutil/8.5.6/76f95700418a68fbc4ac050525261f05dc681ca1/fastutil-8.5.6.jar:/home/parrot/.gradle/caches/modules-2/files-2.1/org.apache.logging.log4j/log4j-api/2.14.1/cd8858fbbde69f46bce8db1152c18a43328aae78/log4j-api-2.14.1.jar:/home/parrot/.gradle/caches/modules-2/files-2.1/org.apache.logging.log4j/log4j-core/2.14.1/9141212b8507ab50a45525b545b39d224614528b/log4j-core-2.14.1.jar:/home/parrot/.gradle/caches/modules-2/files-2.1/org.lwjgl/lwjgl/3.2.2/8ad6294407e15780b43e84929c40e4c5e997972e/lwjgl-3.2.2.jar:/home/parrot/.gradle/caches/modules-2/files-2.1/org.lwjgl/lwjgl-jemalloc/3.2.2/ee8e57a79300f78294576d87c4a587f8c99402e2/lwjgl-jemalloc-3.2.2.jar:/home/parrot/.gradle/caches/modules-2/files-2.1/org.lwjgl/lwjgl-openal/3.2.2/2b772a102b0a11ee5f2109a5b136f4dc7c630827/lwjgl-openal-3.2.2.jar:/home/parrot/.gradle/caches/modules-2/files-2.1/org.lwjgl/lwjgl-opengl/3.2.2/6ac5bb88b44c43ea195a570aab059f63da004cd8/lwjgl-opengl-3.2.2.jar:/home/parrot/.gradle/caches/modules-2/files-2.1/org.lwjgl/lwjgl-glfw/3.2.2/d3ad4df38e400b8afba1de63f84338809399df5b/lwjgl-glfw-3.2.2.jar:/home/parrot/.gradle/caches/modules-2/files-2.1/org.lwjgl/lwjgl-stb/3.2.2/3b8e6ebc5851dd3d17e37e5cadce2eff2a429f0f/lwjgl-stb-3.2.2.jar:/home/parrot/.gradle/caches/modules-2/files-2.1/org.lwjgl/lwjgl-tinyfd/3.2.2/fcbe606c8f8da6f8f9a05e2c540eb1ee8632b0e9/lwjgl-tinyfd-3.2.2.jar:/home/parrot/.gradle/caches/modules-2/files-2.1/com.mojang/text2speech/1.11.3/f378f889797edd7df8d32272c06ca80a1b6b0f58/text2speech-1.11.3.jar:/home/parrot/.gradle/caches/modules-2/files-2.1/ca.weblite/java-objc-bridge/1.0.0/6ef160c3133a78de015830860197602ca1c855d3/java-objc-bridge-1.0.0.jar:/home/parrot/projects/minecraftBot/our_client/minecraftBot/.gradle/loom-cache/1.18.1/net.fabricmc.yarn.1_18_1.1.18.1+build.1-v2/minecraft-project-@-mapped.jar:/home/parrot/projects/minecraftBot/our_client/minecraftBot/.gradle/loom-cache/remapped_mods/net_fabricmc_yarn_1_18_1_1_18_1_build_1_v2/net/fabricmc/fabric-api/fabric-api/0.44.0+1.18/fabric-api-0.44.0+1.18.jar:/home/parrot/projects/minecraftBot/our_client/minecraftBot/.gradle/loom-cache/remapped_mods/net_fabricmc_yarn_1_18_1_1_18_1_build_1_v2/net/fabricmc/fabric-api/fabric-transfer-api-v1/1.5.5+b4f4f6cdc8/fabric-transfer-api-v1-1.5.5+b4f4f6cdc8.jar:/home/parrot/projects/minecraftBot/our_client/minecraftBot/.gradle/loom-cache/remapped_mods/net_fabricmc_yarn_1_18_1_1_18_1_build_1_v2/net/fabricmc/fabric-api/fabric-api-lookup-api-v1/1.4.0+16d92c47c8/fabric-api-lookup-api-v1-1.4.0+16d92c47c8.jar:/home/parrot/projects/minecraftBot/our_client/minecraftBot/.gradle/loom-cache/remapped_mods/net_fabricmc_yarn_1_18_1_1_18_1_build_1_v2/net/fabricmc/fabric-api/fabric-blockrenderlayer-v1/1.1.9+3ac43d95c8/fabric-blockrenderlayer-v1-1.1.9+3ac43d95c8.jar:/home/parrot/projects/minecraftBot/our_client/minecraftBot/.gradle/loom-cache/remapped_mods/net_fabricmc_yarn_1_18_1_1_18_1_build_1_v2/net/fabricmc/fabric-api/fabric-commands-v0/0.2.5+b4f4f6cdc8/fabric-commands-v0-0.2.5+b4f4f6cdc8.jar:/home/parrot/projects/minecraftBot/our_client/minecraftBot/.gradle/loom-cache/remapped_mods/net_fabricmc_yarn_1_18_1_1_18_1_build_1_v2/net/fabricmc/fabric-api/fabric-command-api-v1/1.1.6+3ac43d95c8/fabric-command-api-v1-1.1.6+3ac43d95c8.jar:/home/parrot/projects/minecraftBot/our_client/minecraftBot/.gradle/loom-cache/remapped_mods/net_fabricmc_yarn_1_18_1_1_18_1_build_1_v2/net/fabricmc/fabric-api/fabric-containers-v0/0.1.18+d154e2c6c8/fabric-containers-v0-0.1.18+d154e2c6c8.jar:/home/parrot/projects/minecraftBot/our_client/minecraftBot/.gradle/loom-cache/remapped_mods/net_fabricmc_yarn_1_18_1_1_18_1_build_1_v2/net/fabricmc/fabric-api/fabric-content-registries-v0/0.4.5+6f53a73dc8/fabric-content-registries-v0-0.4.5+6f53a73dc8.jar:/home/parrot/projects/minecraftBot/our_client/minecraftBot/.gradle/loom-cache/remapped_mods/net_fabricmc_yarn_1_18_1_1_18_1_build_1_v2/net/fabricmc/fabric-api/fabric-data-generation-api-v1/1.0.0+3fec4ad9c8/fabric-data-generation-api-v1-1.0.0+3fec4ad9c8.jar:/home/parrot/projects/minecraftBot/our_client/minecraftBot/.gradle/loom-cache/remapped_mods/net_fabricmc_yarn_1_18_1_1_18_1_build_1_v2/net/fabricmc/fabric-api/fabric-dimensions-v1/2.1.7+43d29571c8/fabric-dimensions-v1-2.1.7+43d29571c8.jar:/home/parrot/projects/minecraftBot/our_client/minecraftBot/.gradle/loom-cache/remapped_mods/net_fabricmc_yarn_1_18_1_1_18_1_build_1_v2/net/fabricmc/fabric-api/fabric-entity-events-v1/1.4.5+6b21378ac8/fabric-entity-events-v1-1.4.5+6b21378ac8.jar:/home/parrot/projects/minecraftBot/our_client/minecraftBot/.gradle/loom-cache/remapped_mods/net_fabricmc_yarn_1_18_1_1_18_1_build_1_v2/net/fabricmc/fabric-api/fabric-events-interaction-v0/0.4.16+bfa23f17c8/fabric-events-interaction-v0-0.4.16+bfa23f17c8.jar:/home/parrot/projects/minecraftBot/our_client/minecraftBot/.gradle/loom-cache/remapped_mods/net_fabricmc_yarn_1_18_1_1_18_1_build_1_v2/net/fabricmc/fabric-api/fabric-events-lifecycle-v0/0.2.6+b4f4f6cdc8/fabric-events-lifecycle-v0-0.2.6+b4f4f6cdc8.jar:/home/parrot/projects/minecraftBot/our_client/minecraftBot/.gradle/loom-cache/remapped_mods/net_fabricmc_yarn_1_18_1_1_18_1_build_1_v2/net/fabricmc/fabric-api/fabric-gametest-api-v1/1.0.5+03d159cfc8/fabric-gametest-api-v1-1.0.5+03d159cfc8.jar:/home/parrot/projects/minecraftBot/our_client/minecraftBot/.gradle/loom-cache/remapped_mods/net_fabricmc_yarn_1_18_1_1_18_1_build_1_v2/net/fabricmc/fabric-api/fabric-item-api-v1/1.3.0+691a79b5c8/fabric-item-api-v1-1.3.0+691a79b5c8.jar:/home/parrot/projects/minecraftBot/our_client/minecraftBot/.gradle/loom-cache/remapped_mods/net_fabricmc_yarn_1_18_1_1_18_1_build_1_v2/net/fabricmc/fabric-api/fabric-item-groups-v0/0.3.3+3ac43d95c8/fabric-item-groups-v0-0.3.3+3ac43d95c8.jar:/home/parrot/projects/minecraftBot/our_client/minecraftBot/.gradle/loom-cache/remapped_mods/net_fabricmc_yarn_1_18_1_1_18_1_build_1_v2/net/fabricmc/fabric-api/fabric-structure-api-v1/2.0.8+295197a7c8/fabric-structure-api-v1-2.0.8+295197a7c8.jar:/home/parrot/projects/minecraftBot/our_client/minecraftBot/.gradle/loom-cache/remapped_mods/net_fabricmc_yarn_1_18_1_1_18_1_build_1_v2/net/fabricmc/fabric-api/fabric-lifecycle-events-v1/1.4.10+c15ca335c8/fabric-lifecycle-events-v1-1.4.10+c15ca335c8.jar:/home/parrot/projects/minecraftBot/our_client/minecraftBot/.gradle/loom-cache/remapped_mods/net_fabricmc_yarn_1_18_1_1_18_1_build_1_v2/net/fabricmc/fabric-api/fabric-loot-tables-v1/1.0.8+3ac43d95c8/fabric-loot-tables-v1-1.0.8+3ac43d95c8.jar:/home/parrot/projects/minecraftBot/our_client/minecraftBot/.gradle/loom-cache/remapped_mods/net_fabricmc_yarn_1_18_1_1_18_1_build_1_v2/net/fabricmc/fabric-api/fabric-mining-levels-v0/0.1.7+b4f4f6cdc8/fabric-mining-levels-v0-0.1.7+b4f4f6cdc8.jar:/home/parrot/projects/minecraftBot/our_client/minecraftBot/.gradle/loom-cache/remapped_mods/net_fabricmc_yarn_1_18_1_1_18_1_build_1_v2/net/fabricmc/fabric-api/fabric-object-builders-v0/0.7.8+3ac43d95c8/fabric-object-builders-v0-0.7.8+3ac43d95c8.jar:/home/parrot/projects/minecraftBot/our_client/minecraftBot/.gradle/loom-cache/remapped_mods/net_fabricmc_yarn_1_18_1_1_18_1_build_1_v2/net/fabricmc/fabric-api/fabric-object-builder-api-v1/1.11.0+3b82842ec8/fabric-object-builder-api-v1-1.11.0+3b82842ec8.jar:/home/parrot/projects/minecraftBot/our_client/minecraftBot/.gradle/loom-cache/remapped_mods/net_fabricmc_yarn_1_18_1_1_18_1_build_1_v2/net/fabricmc/fabric-api/fabric-tool-attribute-api-v1/1.3.4+7de09f55c8/fabric-tool-attribute-api-v1-1.3.4+7de09f55c8.jar:/home/parrot/projects/minecraftBot/our_client/minecraftBot/.gradle/loom-cache/remapped_mods/net_fabricmc_yarn_1_18_1_1_18_1_build_1_v2/net/fabricmc/fabric-api/fabric-mining-level-api-v1/1.0.3+3ac43d95c8/fabric-mining-level-api-v1-1.0.3+3ac43d95c8.jar:/home/parrot/projects/minecraftBot/our_client/minecraftBot/.gradle/loom-cache/remapped_mods/net_fabricmc_yarn_1_18_1_1_18_1_build_1_v2/net/fabricmc/fabric-api/fabric-models-v0/0.3.3+3ac43d95c8/fabric-models-v0-0.3.3+3ac43d95c8.jar:/home/parrot/projects/minecraftBot/our_client/minecraftBot/.gradle/loom-cache/remapped_mods/net_fabricmc_yarn_1_18_1_1_18_1_build_1_v2/net/fabricmc/fabric-api/fabric-networking-v0/0.3.5+b4f4f6cdc8/fabric-networking-v0-0.3.5+b4f4f6cdc8.jar:/home/parrot/projects/minecraftBot/our_client/minecraftBot/.gradle/loom-cache/remapped_mods/net_fabricmc_yarn_1_18_1_1_18_1_build_1_v2/net/fabricmc/fabric-api/fabric-registry-sync-v0/0.8.5+3ac43d95c8/fabric-registry-sync-v0-0.8.5+3ac43d95c8.jar:/home/parrot/projects/minecraftBot/our_client/minecraftBot/.gradle/loom-cache/remapped_mods/net_fabricmc_yarn_1_18_1_1_18_1_build_1_v2/net/fabricmc/fabric-api/fabric-screen-handler-api-v1/1.1.11+3ac43d95c8/fabric-screen-handler-api-v1-1.1.11+3ac43d95c8.jar:/home/parrot/projects/minecraftBot/our_client/minecraftBot/.gradle/loom-cache/remapped_mods/net_fabricmc_yarn_1_18_1_1_18_1_build_1_v2/net/fabricmc/fabric-api/fabric-networking-api-v1/1.0.18+3ac43d95c8/fabric-networking-api-v1-1.0.18+3ac43d95c8.jar:/home/parrot/projects/minecraftBot/our_client/minecraftBot/.gradle/loom-cache/remapped_mods/net_fabricmc_yarn_1_18_1_1_18_1_build_1_v2/net/fabricmc/fabric-api/fabric-particles-v1/0.2.9+526dc1acc8/fabric-particles-v1-0.2.9+526dc1acc8.jar:/home/parrot/projects/minecraftBot/our_client/minecraftBot/.gradle/loom-cache/remapped_mods/net_fabricmc_yarn_1_18_1_1_18_1_build_1_v2/net/fabricmc/fabric-api/fabric-renderer-indigo/0.4.12+3ac43d95c8/fabric-renderer-indigo-0.4.12+3ac43d95c8.jar:/home/parrot/projects/minecraftBot/our_client/minecraftBot/.gradle/loom-cache/remapped_mods/net_fabricmc_yarn_1_18_1_1_18_1_build_1_v2/net/fabricmc/fabric-api/fabric-renderer-api-v1/0.4.9+3ac43d95c8/fabric-renderer-api-v1-0.4.9+3ac43d95c8.jar:/home/parrot/projects/minecraftBot/our_client/minecraftBot/.gradle/loom-cache/remapped_mods/net_fabricmc_yarn_1_18_1_1_18_1_build_1_v2/net/fabricmc/fabric-api/fabric-renderer-registries-v1/3.2.7+b4f4f6cdc8/fabric-renderer-registries-v1-3.2.7+b4f4f6cdc8.jar:/home/parrot/projects/minecraftBot/our_client/minecraftBot/.gradle/loom-cache/remapped_mods/net_fabricmc_yarn_1_18_1_1_18_1_build_1_v2/net/fabricmc/fabric-api/fabric-rendering-data-attachment-v1/0.3.4+7242e9d7c8/fabric-rendering-data-attachment-v1-0.3.4+7242e9d7c8.jar:/home/parrot/projects/minecraftBot/our_client/minecraftBot/.gradle/loom-cache/remapped_mods/net_fabricmc_yarn_1_18_1_1_18_1_build_1_v2/net/fabricmc/fabric-api/fabric-rendering-fluids-v1/0.1.18+3ac43d95c8/fabric-rendering-fluids-v1-0.1.18+3ac43d95c8.jar:/home/parrot/projects/minecraftBot/our_client/minecraftBot/.gradle/loom-cache/remapped_mods/net_fabricmc_yarn_1_18_1_1_18_1_build_1_v2/net/fabricmc/fabric-api/fabric-rendering-v0/1.1.9+b4f4f6cdc8/fabric-rendering-v0-1.1.9+b4f4f6cdc8.jar:/home/parrot/projects/minecraftBot/our_client/minecraftBot/.gradle/loom-cache/remapped_mods/net_fabricmc_yarn_1_18_1_1_18_1_build_1_v2/net/fabricmc/fabric-api/fabric-rendering-v1/1.10.3+6b21378ac8/fabric-rendering-v1-1.10.3+6b21378ac8.jar:/home/parrot/projects/minecraftBot/our_client/minecraftBot/.gradle/loom-cache/remapped_mods/net_fabricmc_yarn_1_18_1_1_18_1_build_1_v2/net/fabricmc/fabric-api/fabric-screen-api-v1/1.0.7+3ac43d95c8/fabric-screen-api-v1-1.0.7+3ac43d95c8.jar:/home/parrot/projects/minecraftBot/our_client/minecraftBot/.gradle/loom-cache/remapped_mods/net_fabricmc_yarn_1_18_1_1_18_1_build_1_v2/net/fabricmc/fabric-api/fabric-tag-extensions-v0/1.2.5+3ac43d95c8/fabric-tag-extensions-v0-1.2.5+3ac43d95c8.jar:/home/parrot/projects/minecraftBot/our_client/minecraftBot/.gradle/loom-cache/remapped_mods/net_fabricmc_yarn_1_18_1_1_18_1_build_1_v2/net/fabricmc/fabric-api/fabric-textures-v0/1.0.9+3ac43d95c8/fabric-textures-v0-1.0.9+3ac43d95c8.jar:/home/parrot/projects/minecraftBot/our_client/minecraftBot/.gradle/loom-cache/remapped_mods/net_fabricmc_yarn_1_18_1_1_18_1_build_1_v2/net/fabricmc/fabric-api/fabric-api-base/0.4.1+b4f4f6cdc8/fabric-api-base-0.4.1+b4f4f6cdc8.jar:/home/parrot/projects/minecraftBot/our_client/minecraftBot/.gradle/loom-cache/remapped_mods/net_fabricmc_yarn_1_18_1_1_18_1_build_1_v2/net/fabricmc/fabric-api/fabric-biome-api-v1/6.0.1+ded849a9c8/fabric-biome-api-v1-6.0.1+ded849a9c8.jar:/home/parrot/projects/minecraftBot/our_client/minecraftBot/.gradle/loom-cache/remapped_mods/net_fabricmc_yarn_1_18_1_1_18_1_build_1_v2/net/fabricmc/fabric-api/fabric-crash-report-info-v1/0.1.8+3ac43d95c8/fabric-crash-report-info-v1-0.1.8+3ac43d95c8.jar:/home/parrot/projects/minecraftBot/our_client/minecraftBot/.gradle/loom-cache/remapped_mods/net_fabricmc_yarn_1_18_1_1_18_1_build_1_v2/net/fabricmc/fabric-api/fabric-game-rule-api-v1/1.0.10+3ac43d95c8/fabric-game-rule-api-v1-1.0.10+3ac43d95c8.jar:/home/parrot/projects/minecraftBot/our_client/minecraftBot/.gradle/loom-cache/remapped_mods/net_fabricmc_yarn_1_18_1_1_18_1_build_1_v2/net/fabricmc/fabric-api/fabric-keybindings-v0/0.2.6+b4f4f6cdc8/fabric-keybindings-v0-0.2.6+b4f4f6cdc8.jar:/home/parrot/projects/minecraftBot/our_client/minecraftBot/.gradle/loom-cache/remapped_mods/net_fabricmc_yarn_1_18_1_1_18_1_build_1_v2/net/fabricmc/fabric-api/fabric-key-binding-api-v1/1.0.8+c8aba2f3c8/fabric-key-binding-api-v1-1.0.8+c8aba2f3c8.jar:/home/parrot/projects/minecraftBot/our_client/minecraftBot/.gradle/loom-cache/remapped_mods/net_fabricmc_yarn_1_18_1_1_18_1_build_1_v2/net/fabricmc/fabric-api/fabric-resource-loader-v0/0.4.11+3ac43d95c8/fabric-resource-loader-v0-0.4.11+3ac43d95c8.jar:/home/parrot/projects/minecraftBot/our_client/minecraftBot/.gradle/loom-cache/remapped_mods/net_fabricmc_yarn_1_18_1_1_18_1_build_1_v2/net/fabricmc/fabric-loader/0.12.12/fabric-loader-0.12.12.jar:/home/parrot/.gradle/caches/modules-2/files-2.1/net.fabricmc/dev-launch-injector/0.2.1+build.8/da8bef7e6e2f952da707f282bdb46882a0fce5e3/dev-launch-injector-0.2.1+build.8.jar:/home/parrot/.gradle/caches/modules-2/files-2.1/net.minecrell/terminalconsoleappender/1.2.0/96d02cd3b384ff015a8fef4223bcb4ccf1717c95/terminalconsoleappender-1.2.0.jar:/home/parrot/.gradle/caches/modules-2/files-2.1/org.jline/jline-reader/3.12.1/4382ab1382c7b6f379377ed5f665dc2f6e1218bc/jline-reader-3.12.1.jar:/home/parrot/.gradle/caches/modules-2/files-2.1/org.jline/jline-terminal/3.12.1/c777448314e050d980a6b697c140f3bfe9eb7416/jline-terminal-3.12.1.jar:/home/parrot/.gradle/caches/fabric-loom/1.18.1/net.fabricmc.yarn.1_18_1.1.18.1+build.1-v2/mappings.jar)
[19:31:00] [Render thread/INFO] (Minecraft) Reloading ResourceManager: Default, Fabric Mods (Fabric Rendering (v0), Fabric Crash Report Info (v1), Fabric Key Binding API (v1), Fabric Loot Tables (v1), Fabric Resource Loader (v0), Fabric Particles (v1), Fabric Dimensions API (v1), Fabric Containers (v0), Fabric Structure API (v1), Fabric Renderer - Indigo, Fabric Events Lifecycle (v0), Fabric Loader, Fabric Mining Level API (v1), Fabric Mining Levels (v0), Fabric Game Test API (v1), mattsminecraftbot, Fabric API Lookup API (v1), Fabric Entity Events (v1), Fabric Data Generation API (v1), Fabric Item Groups (v0), Fabric Networking (v0), Fabric Renderer Registries (v1), Fabric Item API (v1), Fabric Events Interaction (v0), Fabric Object Builder API (v1), Fabric Tag Extensions (v0), Fabric Game Rule API (v1), Fabric Command API (v1), Fabric Rendering (v1), Fabric Textures (v0), Fabric Networking API (v1), Fabric Tool Attribute API (v1), Fabric Transfer API (v1), Fabric Object Builders (v0), Fabric API, Fabric Rendering Data Attachment (v1), Fabric Models (v0), Fabric Content Registries (v0), Fabric Renderer API (v1), Fabric API Base, Fabric Registry Sync (v0), Fabric BlockRenderLayer Registration (v1), Fabric Lifecycle Events (v1), Fabric Commands (v0), Fabric Screen API (v1), Fabric Key Bindings (v0), Fabric Rendering Fluids (v1), Fabric Screen Handler API (v1), Fabric Biome API (v1))
[19:31:00] [Render thread/INFO] (mattsminecraftbot) This line is printed by an example mod mixin!
[19:31:01] [Realms Notification Availability checker #1/INFO] (Minecraft) Could not authorize you against Realms server: Invalid session id
[19:31:02] [Render thread/INFO] (Minecraft) OpenAL initialized on device HDA NVidia Digital Stereo (HDMI 2)
[19:31:02] [Render thread/INFO] (Minecraft) Sound engine started
[19:31:02] [Render thread/INFO] (Minecraft) Created: 1024x1024x4 minecraft:textures/atlas/blocks.png-atlas
[19:31:02] [Render thread/INFO] (Minecraft) Created: 256x128x4 minecraft:textures/atlas/signs.png-atlas
[19:31:02] [Render thread/INFO] (Minecraft) Created: 1024x512x4 minecraft:textures/atlas/banner_patterns.png-atlas
[19:31:02] [Render thread/INFO] (Minecraft) Created: 1024x512x4 minecraft:textures/atlas/shield_patterns.png-atlas
[19:31:02] [Render thread/INFO] (Minecraft) Created: 256x256x4 minecraft:textures/atlas/chest.png-atlas
[19:31:02] [Render thread/INFO] (Minecraft) Created: 512x256x4 minecraft:textures/atlas/beds.png-atlas
[19:31:02] [Render thread/INFO] (Minecraft) Created: 512x256x4 minecraft:textures/atlas/shulker_boxes.png-atlas
[19:31:03] [Render thread/INFO] (Minecraft) Created: 256x256x0 minecraft:textures/atlas/particles.png-atlas
[19:31:03] [Render thread/INFO] (Minecraft) Created: 256x256x0 minecraft:textures/atlas/paintings.png-atlas
[19:31:03] [Render thread/INFO] (Minecraft) Created: 256x128x0 minecraft:textures/atlas/mob_effects.png-atlas
[19:31:03] [Render thread/INFO] (mattsminecraftbot) This line is printed by an example mod mixin!
[19:31:09] [Render thread/WARN] (Minecraft) Ambiguity between arguments [teleport, location] and [teleport, destination] with inputs: [0.1 -0.5 .9, 0 0 0]
[19:31:09] [Render thread/WARN] (Minecraft) Ambiguity between arguments [teleport, location] and [teleport, targets] with inputs: [0.1 -0.5 .9, 0 0 0]
[19:31:09] [Render thread/WARN] (Minecraft) Ambiguity between arguments [teleport, destination] and [teleport, targets] with inputs: [Player, 0123, @e, dd12be42-52a9-4a91-a8a1-11c01849e498]
[19:31:09] [Render thread/WARN] (Minecraft) Ambiguity between arguments [teleport, targets] and [teleport, destination] with inputs: [Player, 0123, dd12be42-52a9-4a91-a8a1-11c01849e498]
[19:31:09] [Render thread/WARN] (Minecraft) Ambiguity between arguments [teleport, targets, location] and [teleport, targets, destination] with inputs: [0.1 -0.5 .9, 0 0 0]
[19:31:09] [Render thread/INFO] (Minecraft) Reloading ResourceManager: Default, Fabric Mods (Fabric Game Test API (v1), Fabric Tool Attribute API (v1))
[19:31:09] [Render thread/INFO] (Minecraft) Loaded 7 recipes
[19:31:09] [Render thread/INFO] (Minecraft) Loaded 1141 advancements
[19:31:09] [Render thread/INFO] (BiomeModificationImpl) Applied 0 biome modifications to 0 of 61 new biomes in 1.472 ms
[19:31:11] [Render thread/INFO] (Minecraft) Environment: authHost='https://authserver.mojang.com', accountsHost='https://api.mojang.com', sessionHost='https://sessionserver.mojang.com', servicesHost='https://api.minecraftservices.com', name='PROD'
[19:31:11] [Server thread/INFO] (Minecraft) Starting integrated minecraft server version 1.18.1
[19:31:11] [Server thread/INFO] (Minecraft) Generating keypair
[19:31:11] [Server thread/INFO] (Minecraft) Preparing start region for dimension minecraft:overworld
[19:31:13] [Render thread/INFO] (Minecraft) Preparing spawn area: 0%
[19:31:16] [Render thread/INFO] (Minecraft) Preparing spawn area: 0%
[19:31:16] [Render thread/INFO] (Minecraft) Preparing spawn area: 0%
[19:31:16] [Render thread/INFO] (Minecraft) Preparing spawn area: 0%
[19:31:16] [Render thread/INFO] (Minecraft) Preparing spawn area: 0%
[19:31:16] [Render thread/INFO] (Minecraft) Preparing spawn area: 0%
[19:31:16] [Render thread/INFO] (Minecraft) Preparing spawn area: 0%
[19:31:16] [Render thread/INFO] (Minecraft) Preparing spawn area: 0%
[19:31:16] [Render thread/INFO] (Minecraft) Preparing spawn area: 0%
[19:31:16] [Render thread/INFO] (Minecraft) Preparing spawn area: 0%
[19:31:16] [Render thread/INFO] (Minecraft) Preparing spawn area: 17%
[19:31:17] [Render thread/INFO] (Minecraft) Preparing spawn area: 26%
[19:31:18] [Render thread/INFO] (Minecraft) Preparing spawn area: 37%
[19:31:18] [Render thread/INFO] (Minecraft) Preparing spawn area: 37%
[19:31:18] [Render thread/INFO] (Minecraft) Preparing spawn area: 43%
[19:31:19] [Render thread/INFO] (Minecraft) Preparing spawn area: 75%
[19:31:19] [Render thread/INFO] (Minecraft) Time elapsed: 7822 ms
[19:31:19] [Server thread/INFO] (Minecraft) Changing view distance to 12, from 10
[19:31:19] [Server thread/INFO] (Minecraft) Changing simulation distance to 12, from 0
[19:31:20] [Server thread/INFO] (Minecraft) Player33[local:E:669c7fd1] logged in with entity id 53 at (-71.22967636115693, 60.01453134493149, -11.300000011920929)
[19:31:20] [Server thread/INFO] (Minecraft) Player33 joined the game
[19:31:20] [Render thread/INFO] (Minecraft) Loaded 7 advancements
[19:31:50] [Server thread/INFO] (Minecraft) [STDOUT]: Bot Started
[19:31:50] [Thread-12/INFO] (Minecraft) [STDOUT]: Python API Connected
[19:31:50] [Thread-13/INFO] (Minecraft) [STDOUT]: MMB - Action Listener Init
[19:31:53] [Render thread/INFO] (Minecraft) [CHAT] Unknown or incomplete command, see below for error
[19:31:53] [Render thread/INFO] (Minecraft) [CHAT] /endbot]<--[HERE]
[19:31:57] [Server thread/INFO] (Minecraft) [STDOUT]: Bot Ended
[19:31:57] [Server thread/INFO] (Minecraft) [STDOUT]: Stopped listener
[19:32:29] [Server thread/INFO] (Minecraft) [STDOUT]: Connection Closed
[19:32:29] [Server thread/INFO] (Minecraft) [STDOUT]: API Closed
[19:32:29] [Server thread/WARN] (Minecraft) Can't keep up! Is the server overloaded? Running 32814ms or 656 ticks behind
[19:32:29] [Thread-12/INFO] (Minecraft) [STDERR]: java.net.SocketException: Connection reset
[19:32:29] [Thread-12/INFO] (Minecraft) [STDERR]: 	at java.base/sun.nio.ch.NioSocketImpl.implRead(NioSocketImpl.java:323)
[19:32:29] [Thread-12/INFO] (Minecraft) [STDERR]: 	at java.base/sun.nio.ch.NioSocketImpl.read(NioSocketImpl.java:350)
[19:32:29] [Thread-12/INFO] (Minecraft) [STDERR]: 	at java.base/sun.nio.ch.NioSocketImpl$1.read(NioSocketImpl.java:803)
[19:32:29] [Thread-12/INFO] (Minecraft) [STDERR]: 	at java.base/java.net.Socket$SocketInputStream.read(Socket.java:966)
[19:32:29] [Thread-12/INFO] (Minecraft) [STDERR]: 	at java.base/sun.nio.cs.StreamDecoder.readBytes(StreamDecoder.java:270)
[19:32:29] [Thread-12/INFO] (Minecraft) [STDERR]: 	at java.base/sun.nio.cs.StreamDecoder.implRead(StreamDecoder.java:313)
[19:32:29] [Thread-12/INFO] (Minecraft) [STDERR]: 	at java.base/sun.nio.cs.StreamDecoder.read(StreamDecoder.java:188)
[19:32:29] [Thread-12/INFO] (Minecraft) [STDERR]: 	at java.base/java.io.InputStreamReader.read(InputStreamReader.java:177)
[19:32:29] [Thread-12/INFO] (Minecraft) [STDERR]: 	at java.base/java.io.BufferedReader.fill(BufferedReader.java:162)
[19:32:29] [Thread-12/INFO] (Minecraft) [STDERR]: 	at java.base/java.io.BufferedReader.readLine(BufferedReader.java:329)
[19:32:29] [Thread-12/INFO] (Minecraft) [STDERR]: 	at java.base/java.io.BufferedReader.readLine(BufferedReader.java:396)
[19:32:29] [Thread-12/INFO] (Minecraft) [STDERR]: 	at net.fabricmc.api.Api.run(Api.java:38)
